[0805/154452.920:ERROR:process_memory_win.cc(73)] ReadMemory at 0x7ff6e89e0000 of 64 bytes failed: Solo se completó una parte de una solicitud ReadProcessMemory o WriteProcessMemory. (0x12B)
[0805/154452.920:WARNING:pe_image_reader.cc(340)] could not read dos header from C:\Program Files (x86)\Google\Chrome\Application\chrome.exe
[0805/154452.920:ERROR:process_memory_win.cc(73)] ReadMemory at 0x7ff9d8620000 of 64 bytes failed: Solo se completó una parte de una solicitud ReadProcessMemory o WriteProcessMemory. (0x12B)
[0805/154452.920:WARNING:pe_image_reader.cc(340)] could not read dos header from C:\WINDOWS\SYSTEM32\ntdll.dll
[0805/154452.920:ERROR:process_memory_win.cc(73)] ReadMemory at 0x7ff9d75e0000 of 64 bytes failed: Solo se completó una parte de una solicitud ReadProcessMemory o WriteProcessMemory. (0x12B)
[0805/154452.920:WARNING:pe_image_reader.cc(340)] could not read dos header from C:\WINDOWS\System32\KERNEL32.DLL
[0805/154452.920:ERROR:process_memory_win.cc(73)] ReadMemory at 0x7ff9d62b0000 of 64 bytes failed: Solo se completó una parte de una solicitud ReadProcessMemory o WriteProcessMemory. (0x12B)
[0805/154452.920:WARNING:pe_image_reader.cc(340)] could not read dos header from C:\WINDOWS\System32\KERNELBASE.dll
[0805/154452.920:ERROR:process_memory_win.cc(73)] ReadMemory at 0x7ff9a0c00000 of 64 bytes failed: Solo se completó una parte de una solicitud ReadProcessMemory o WriteProcessMemory. (0x12B)
[0805/154452.920:WARNING:pe_image_reader.cc(340)] could not read dos header from C:\Program Files (x86)\Google\Chrome\Application\84.0.4147.105\chrome_elf.dll
[0805/154452.920:ERROR:process_memory_win.cc(73)] ReadMemory at 0x7ff9d04e0000 of 64 bytes failed: Solo se completó una parte de una solicitud ReadProcessMemory o WriteProcessMemory. (0x12B)
[0805/154452.920:WARNING:pe_image_reader.cc(340)] could not read dos header from C:\WINDOWS\SYSTEM32\VERSION.dll
[0805/154452.920:ERROR:process_memory_win.cc(73)] ReadMemory at 0x7ff9d66d0000 of 64 bytes failed: Solo se completó una parte de una solicitud ReadProcessMemory o WriteProcessMemory. (0x12B)
[0805/154452.920:WARNING:pe_image_reader.cc(340)] could not read dos header from C:\WINDOWS\System32\msvcrt.dll
[0805/154452.920:ERROR:process_memory_win.cc(73)] ReadMemory at 0x7ff9d58d0000 of 64 bytes failed: Solo se completó una parte de una solicitud ReadProcessMemory o WriteProcessMemory. (0x12B)
[0805/154452.920:WARNING:pe_image_reader.cc(340)] could not read dos header from C:\WINDOWS\System32\bcryptPrimitives.dll
[0805/154452.920:ERROR:process_memory_win.cc(73)] ReadMemory at 0x7ff9d6770000 of 64 bytes failed: Solo se completó una parte de una solicitud ReadProcessMemory o WriteProcessMemory. (0x12B)
[0805/154452.920:WARNING:pe_image_reader.cc(340)] could not read dos header from C:\WINDOWS\System32\ADVAPI32.dll
[0805/154452.920:ERROR:process_memory_win.cc(73)] ReadMemory at 0x7ff9d7330000 of 64 bytes failed: Solo se completó una parte de una solicitud ReadProcessMemory o WriteProcessMemory. (0x12B)
[0805/154452.920:WARNING:pe_image_reader.cc(340)] could not read dos header from C:\WINDOWS\System32\sechost.dll
[0805/154452.920:ERROR:process_memory_win.cc(73)] ReadMemory at 0x7ff9d6b50000 of 64 bytes failed: Solo se completó una parte de una solicitud ReadProcessMemory o WriteProcessMemory. (0x12B)
[0805/154452.920:WARNING:pe_image_reader.cc(340)] could not read dos header from C:\WINDOWS\System32\RPCRT4.dll
[0805/154452.920:ERROR:process_memory_win.cc(73)] ReadMemory at 0x7ff97bd10000 of 64 bytes failed: Solo se completó una parte de una solicitud ReadProcessMemory o WriteProcessMemory. (0x12B)
[0805/154452.920:WARNING:pe_image_reader.cc(340)] could not read dos header from C:\Program Files (x86)\Google\Chrome\Application\84.0.4147.105\chrome.dll
[0805/154452.920:ERROR:process_memory_win.cc(73)] ReadMemory at 0x7ff9d77f0000 of 64 bytes failed: Solo se completó una parte de una solicitud ReadProcessMemory o WriteProcessMemory. (0x12B)
[0805/154452.920:WARNING:pe_image_reader.cc(340)] could not read dos header from C:\WINDOWS\System32\WS2_32.dll
[0805/154452.920:ERROR:process_memory_win.cc(73)] ReadMemory at 0x7ff9d7d10000 of 64 bytes failed: Solo se completó una parte de una solicitud ReadProcessMemory o WriteProcessMemory. (0x12B)
[0805/154452.920:WARNING:pe_image_reader.cc(340)] could not read dos header from C:\WINDOWS\System32\OLEAUT32.dll
[0805/154452.920:ERROR:process_memory_win.cc(73)] ReadMemory at 0x7ff9d5620000 of 64 bytes failed: Solo se completó una parte de una solicitud ReadProcessMemory o WriteProcessMemory. (0x12B)
[0805/154452.920:WARNING:pe_image_reader.cc(340)] could not read dos header from C:\WINDOWS\System32\msvcp_win.dll
[0805/154452.920:ERROR:process_memory_win.cc(73)] ReadMemory at 0x7ff9d57d0000 of 64 bytes failed: Solo se completó una parte de una solicitud ReadProcessMemory o WriteProcessMemory. (0x12B)
[0805/154452.920:WARNING:pe_image_reader.cc(340)] could not read dos header from C:\WINDOWS\System32\ucrtbase.dll
[0805/154452.920:ERROR:process_memory_win.cc(73)] ReadMemory at 0x7ff9d6e40000 of 64 bytes failed: Solo se completó una parte de una solicitud ReadProcessMemory o WriteProcessMemory. (0x12B)
[0805/154452.920:WARNING:pe_image_reader.cc(340)] could not read dos header from C:\WINDOWS\System32\combase.dll
[0805/154452.920:ERROR:process_memory_win.cc(73)] ReadMemory at 0x7ff9d5770000 of 64 bytes failed: Solo se completó una parte de una solicitud ReadProcessMemory o WriteProcessMemory. (0x12B)
[0805/154452.920:WARNING:pe_image_reader.cc(340)] could not read dos header from C:\WINDOWS\System32\WINTRUST.dll
[0805/154452.920:ERROR:process_memory_win.cc(73)] ReadMemory at 0x7ff9d5500000 of 64 bytes failed: Solo se completó una parte de una solicitud ReadProcessMemory o WriteProcessMemory. (0x12B)
[0805/154452.920:WARNING:pe_image_reader.cc(340)] could not read dos header from C:\WINDOWS\System32\MSASN1.dll
[0805/154452.920:ERROR:process_memory_win.cc(73)] ReadMemory at 0x7ff9d6560000 of 64 bytes failed: Solo se completó una parte de una solicitud ReadProcessMemory o WriteProcessMemory. (0x12B)
[0805/154452.920:WARNING:pe_image_reader.cc(340)] could not read dos header from C:\WINDOWS\System32\CRYPT32.dll
[0805/154452.920:ERROR:process_memory_win.cc(73)] ReadMemory at 0x7ff9d4a50000 of 64 bytes failed: Solo se completó una parte de una solicitud ReadProcessMemory o WriteProcessMemory. (0x12B)
[0805/154452.920:WARNING:pe_image_reader.cc(340)] could not read dos header from C:\WINDOWS\SYSTEM32\IPHLPAPI.DLL
[0805/154452.920:ERROR:process_memory_win.cc(73)] ReadMemory at 0x7ff9d2150000 of 64 bytes failed: Solo se completó una parte de una solicitud ReadProcessMemory o WriteProcessMemory. (0x12B)
[0805/154452.920:WARNING:pe_image_reader.cc(340)] could not read dos header from C:\WINDOWS\SYSTEM32\WINMM.dll
[0805/154452.920:ERROR:process_memory_win.cc(73)] ReadMemory at 0x7ff9bfc90000 of 64 bytes failed: Solo se completó una parte de una solicitud ReadProcessMemory o WriteProcessMemory. (0x12B)
[0805/154452.920:WARNING:pe_image_reader.cc(340)] could not read dos header from C:\WINDOWS\SYSTEM32\Secur32.dll
[0805/154452.920:ERROR:process_memory_win.cc(73)] ReadMemory at 0x7ff9d53f0000 of 64 bytes failed: Solo se completó una parte de una solicitud ReadProcessMemory o WriteProcessMemory. (0x12B)
[0805/154452.920:WARNING:pe_image_reader.cc(340)] could not read dos header from C:\WINDOWS\SYSTEM32\USERENV.dll
[0805/154452.920:ERROR:process_memory_win.cc(73)] ReadMemory at 0x7ff9d5570000 of 64 bytes failed: Solo se completó una parte de una solicitud ReadProcessMemory o WriteProcessMemory. (0x12B)
[0805/154452.920:WARNING:pe_image_reader.cc(340)] could not read dos header from C:\WINDOWS\System32\profapi.dll
[0805/154452.920:ERROR:process_memory_win.cc(73)] ReadMemory at 0x7ff9a7570000 of 64 bytes failed: Solo se completó una parte de una solicitud ReadProcessMemory o WriteProcessMemory. (0x12B)
[0805/154452.920:WARNING:pe_image_reader.cc(340)] could not read dos header from C:\WINDOWS\SYSTEM32\UIAutomationCore.DLL
[0805/154452.920:ERROR:process_memory_win.cc(73)] ReadMemory at 0x7ff9b5d80000 of 64 bytes failed: Solo se completó una parte de una solicitud ReadProcessMemory o WriteProcessMemory. (0x12B)
[0805/154452.920:WARNING:pe_image_reader.cc(340)] could not read dos header from C:\WINDOWS\SYSTEM32\DWrite.dll
[0805/154452.920:ERROR:process_memory_win.cc(73)] ReadMemory at 0x7ff9c8030000 of 64 bytes failed: Solo se completó una parte de una solicitud ReadProcessMemory o WriteProcessMemory. (0x12B)
[0805/154452.920:WARNING:pe_image_reader.cc(340)] could not read dos header from C:\WINDOWS\SYSTEM32\WINSPOOL.DRV
[0805/154452.920:ERROR:process_memory_win.cc(73)] ReadMemory at 0x7ff9d54e0000 of 64 bytes failed: Solo se completó una parte de una solicitud ReadProcessMemory o WriteProcessMemory. (0x12B)
[0805/154452.920:WARNING:pe_image_reader.cc(340)] could not read dos header from C:\WINDOWS\System32\kernel.appcore.dll
[0805/154452.920:ERROR:process_memory_win.cc(73)] ReadMemory at 0x7ff9d60e0000 of 64 bytes failed: Solo se completó una parte de una solicitud ReadProcessMemory o WriteProcessMemory. (0x12B)
[0805/154452.920:WARNING:pe_image_reader.cc(340)] could not read dos header from C:\WINDOWS\System32\bcrypt.dll
[0805/154452.920:ERROR:process_memory_win.cc(73)] ReadMemory at 0x7ff9d3f20000 of 64 bytes failed: Solo se completó una parte de una solicitud ReadProcessMemory o WriteProcessMemory. (0x12B)
[0805/154452.920:WARNING:pe_image_reader.cc(340)] could not read dos header from C:\WINDOWS\SYSTEM32\dbghelp.dll
[0805/154452.920:ERROR:process_memory_win.cc(73)] ReadMemory at 0x7ff9c4650000 of 64 bytes failed: Solo se completó una parte de una solicitud ReadProcessMemory o WriteProcessMemory. (0x12B)
[0805/154452.920:WARNING:pe_image_reader.cc(340)] could not read dos header from C:\WINDOWS\SYSTEM32\WINHTTP.dll
[0805/154452.920:ERROR:process_memory_win.cc(73)] ReadMemory at 0x7ff9cd020000 of 64 bytes failed: Solo se completó una parte de una solicitud ReadProcessMemory o WriteProcessMemory. (0x12B)
[0805/154452.920:WARNING:pe_image_reader.cc(340)] could not read dos header from C:\WINDOWS\SYSTEM32\dhcpcsvc.DLL
[0805/154452.920:ERROR:process_memory_win.cc(73)] ReadMemory at 0x7ff9d7890000 of 64 bytes failed: Solo se completó una parte de una solicitud ReadProcessMemory o WriteProcessMemory. (0x12B)
[0805/154452.920:WARNING:pe_image_reader.cc(340)] could not read dos header from C:\WINDOWS\System32\NSI.dll
[0805/154452.920:ERROR:process_memory_win.cc(73)] ReadMemory at 0x7ff9d2120000 of 64 bytes failed: Solo se completó una parte de una solicitud ReadProcessMemory o WriteProcessMemory. (0x12B)
[0805/154452.920:WARNING:pe_image_reader.cc(340)] could not read dos header from C:\WINDOWS\SYSTEM32\WINMMBASE.dll
[0805/154452.920:ERROR:process_memory_win.cc(73)] ReadMemory at 0x7ff9d55a0000 of 64 bytes failed: Solo se completó una parte de una solicitud ReadProcessMemory o WriteProcessMemory. (0x12B)
[0805/154452.920:WARNING:pe_image_reader.cc(340)] could not read dos header from C:\WINDOWS\System32\cfgmgr32.dll
[0805/154452.920:ERROR:process_memory_win.cc(73)] ReadMemory at 0x7ff9d1c40000 of 64 bytes failed: Solo se completó una parte de una solicitud ReadProcessMemory o WriteProcessMemory. (0x12B)
[0805/154452.920:WARNING:pe_image_reader.cc(340)] could not read dos header from C:\WINDOWS\SYSTEM32\PROPSYS.dll
[0805/154452.920:ERROR:process_memory_win.cc(73)] ReadMemory at 0x7ff9d7e40000 of 64 bytes failed: Solo se completó una parte de una solicitud ReadProcessMemory o WriteProcessMemory. (0x12B)
[0805/154452.920:WARNING:pe_image_reader.cc(340)] could not read dos header from C:\WINDOWS\System32\shcore.dll
[0805/154452.920:ERROR:process_memory_win.cc(73)] ReadMemory at 0x7ff9d53c0000 of 64 bytes failed: Solo se completó una parte de una solicitud ReadProcessMemory o WriteProcessMemory. (0x12B)
[0805/154452.920:WARNING:pe_image_reader.cc(340)] could not read dos header from C:\WINDOWS\SYSTEM32\SSPICLI.DLL
[0805/154452.920:ERROR:process_memory_win.cc(73)] ReadMemory at 0x7ff9d4f10000 of 64 bytes failed: Solo se completó una parte de una solicitud ReadProcessMemory o WriteProcessMemory. (0x12B)
[0805/154452.920:WARNING:pe_image_reader.cc(340)] could not read dos header from C:\WINDOWS\SYSTEM32\CRYPTBASE.DLL
[0805/154452.920:ERROR:process_memory_win.cc(73)] ReadMemory at 0x7ff6e89e0000 of 64 bytes failed: Solo se completó una parte de una solicitud ReadProcessMemory o WriteProcessMemory. (0x12B)
[0805/154452.920:WARNING:pe_image_reader.cc(340)] could not read dos header from C:\Program Files (x86)\Google\Chrome\Application\chrome.exe
[0805/154452.920:ERROR:process_memory_win.cc(73)] ReadMemory at 0x7ff9d8620000 of 64 bytes failed: Solo se completó una parte de una solicitud ReadProcessMemory o WriteProcessMemory. (0x12B)
[0805/154452.920:WARNING:pe_image_reader.cc(340)] could not read dos header from C:\WINDOWS\SYSTEM32\ntdll.dll
[0805/154452.920:ERROR:process_memory_win.cc(73)] ReadMemory at 0x7ff9d75e0000 of 64 bytes failed: Solo se completó una parte de una solicitud ReadProcessMemory o WriteProcessMemory. (0x12B)
[0805/154452.920:WARNING:pe_image_reader.cc(340)] could not read dos header from C:\WINDOWS\System32\KERNEL32.DLL
[0805/154452.920:ERROR:process_memory_win.cc(73)] ReadMemory at 0x7ff9d62b0000 of 64 bytes failed: Solo se completó una parte de una solicitud ReadProcessMemory o WriteProcessMemory. (0x12B)
[0805/154452.920:WARNING:pe_image_reader.cc(340)] could not read dos header from C:\WINDOWS\System32\KERNELBASE.dll
[0805/154452.920:ERROR:process_memory_win.cc(73)] ReadMemory at 0x7ff9a0c00000 of 64 bytes failed: Solo se completó una parte de una solicitud ReadProcessMemory o WriteProcessMemory. (0x12B)
[0805/154452.920:WARNING:pe_image_reader.cc(340)] could not read dos header from C:\Program Files (x86)\Google\Chrome\Application\84.0.4147.105\chrome_elf.dll
[0805/154452.920:ERROR:process_memory_win.cc(73)] ReadMemory at 0x7ff9d04e0000 of 64 bytes failed: Solo se completó una parte de una solicitud ReadProcessMemory o WriteProcessMemory. (0x12B)
[0805/154452.920:WARNING:pe_image_reader.cc(340)] could not read dos header from C:\WINDOWS\SYSTEM32\VERSION.dll
[0805/154452.920:ERROR:process_memory_win.cc(73)] ReadMemory at 0x7ff9d66d0000 of 64 bytes failed: Solo se completó una parte de una solicitud ReadProcessMemory o WriteProcessMemory. (0x12B)
[0805/154452.920:WARNING:pe_image_reader.cc(340)] could not read dos header from C:\WINDOWS\System32\msvcrt.dll
[0805/154452.920:ERROR:process_memory_win.cc(73)] ReadMemory at 0x7ff9d58d0000 of 64 bytes failed: Solo se completó una parte de una solicitud ReadProcessMemory o WriteProcessMemory. (0x12B)
[0805/154452.920:WARNING:pe_image_reader.cc(340)] could not read dos header from C:\WINDOWS\System32\bcryptPrimitives.dll
[0805/154452.920:ERROR:process_memory_win.cc(73)] ReadMemory at 0x7ff9d6770000 of 64 bytes failed: Solo se completó una parte de una solicitud ReadProcessMemory o WriteProcessMemory. (0x12B)
[0805/154452.920:WARNING:pe_image_reader.cc(340)] could not read dos header from C:\WINDOWS\System32\ADVAPI32.dll
[0805/154452.920:ERROR:process_memory_win.cc(73)] ReadMemory at 0x7ff9d7330000 of 64 bytes failed: Solo se completó una parte de una solicitud ReadProcessMemory o WriteProcessMemory. (0x12B)
[0805/154452.920:WARNING:pe_image_reader.cc(340)] could not read dos header from C:\WINDOWS\System32\sechost.dll
[0805/154452.920:ERROR:process_memory_win.cc(73)] ReadMemory at 0x7ff9d6b50000 of 64 bytes failed: Solo se completó una parte de una solicitud ReadProcessMemory o WriteProcessMemory. (0x12B)
[0805/154452.920:WARNING:pe_image_reader.cc(340)] could not read dos header from C:\WINDOWS\System32\RPCRT4.dll
[0805/154452.920:ERROR:process_memory_win.cc(73)] ReadMemory at 0x7ff97bd10000 of 64 bytes failed: Solo se completó una parte de una solicitud ReadProcessMemory o WriteProcessMemory. (0x12B)
[0805/154452.920:WARNING:pe_image_reader.cc(340)] could not read dos header from C:\Program Files (x86)\Google\Chrome\Application\84.0.4147.105\chrome.dll
[0805/154452.920:ERROR:process_memory_win.cc(73)] ReadMemory at 0x7ff9d77f0000 of 64 bytes failed: Solo se completó una parte de una solicitud ReadProcessMemory o WriteProcessMemory. (0x12B)
[0805/154452.920:WARNING:pe_image_reader.cc(340)] could not read dos header from C:\WINDOWS\System32\WS2_32.dll
[0805/154452.920:ERROR:process_memory_win.cc(73)] ReadMemory at 0x7ff9d7d10000 of 64 bytes failed: Solo se completó una parte de una solicitud ReadProcessMemory o WriteProcessMemory. (0x12B)
[0805/154452.920:WARNING:pe_image_reader.cc(340)] could not read dos header from C:\WINDOWS\System32\OLEAUT32.dll
[0805/154452.920:ERROR:process_memory_win.cc(73)] ReadMemory at 0x7ff9d5620000 of 64 bytes failed: Solo se completó una parte de una solicitud ReadProcessMemory o WriteProcessMemory. (0x12B)
[0805/154452.920:WARNING:pe_image_reader.cc(340)] could not read dos header from C:\WINDOWS\System32\msvcp_win.dll
[0805/154452.920:ERROR:process_memory_win.cc(73)] ReadMemory at 0x7ff9d57d0000 of 64 bytes failed: Solo se completó una parte de una solicitud ReadProcessMemory o WriteProcessMemory. (0x12B)
[0805/154452.920:WARNING:pe_image_reader.cc(340)] could not read dos header from C:\WINDOWS\System32\ucrtbase.dll
[0805/154452.920:ERROR:process_memory_win.cc(73)] ReadMemory at 0x7ff9d6e40000 of 64 bytes failed: Solo se completó una parte de una solicitud ReadProcessMemory o WriteProcessMemory. (0x12B)
[0805/154452.920:WARNING:pe_image_reader.cc(340)] could not read dos header from C:\WINDOWS\System32\combase.dll
[0805/154452.920:ERROR:process_memory_win.cc(73)] ReadMemory at 0x7ff9d5770000 of 64 bytes failed: Solo se completó una parte de una solicitud ReadProcessMemory o WriteProcessMemory. (0x12B)
[0805/154452.920:WARNING:pe_image_reader.cc(340)] could not read dos header from C:\WINDOWS\System32\WINTRUST.dll
[0805/154452.920:ERROR:process_memory_win.cc(73)] ReadMemory at 0x7ff9d5500000 of 64 bytes failed: Solo se completó una parte de una solicitud ReadProcessMemory o WriteProcessMemory. (0x12B)
[0805/154452.920:WARNING:pe_image_reader.cc(340)] could not read dos header from C:\WINDOWS\System32\MSASN1.dll
[0805/154452.920:ERROR:process_memory_win.cc(73)] ReadMemory at 0x7ff9d6560000 of 64 bytes failed: Solo se completó una parte de una solicitud ReadProcessMemory o WriteProcessMemory. (0x12B)
[0805/154452.920:WARNING:pe_image_reader.cc(340)] could not read dos header from C:\WINDOWS\System32\CRYPT32.dll
[0805/154452.920:ERROR:process_memory_win.cc(73)] ReadMemory at 0x7ff9d4a50000 of 64 bytes failed: Solo se completó una parte de una solicitud ReadProcessMemory o WriteProcessMemory. (0x12B)
[0805/154452.920:WARNING:pe_image_reader.cc(340)] could not read dos header from C:\WINDOWS\SYSTEM32\IPHLPAPI.DLL
[0805/154452.920:ERROR:process_memory_win.cc(73)] ReadMemory at 0x7ff9d2150000 of 64 bytes failed: Solo se completó una parte de una solicitud ReadProcessMemory o WriteProcessMemory. (0x12B)
[0805/154452.920:WARNING:pe_image_reader.cc(340)] could not read dos header from C:\WINDOWS\SYSTEM32\WINMM.dll
[0805/154452.920:ERROR:process_memory_win.cc(73)] ReadMemory at 0x7ff9bfc90000 of 64 bytes failed: Solo se completó una parte de una solicitud ReadProcessMemory o WriteProcessMemory. (0x12B)
[0805/154452.920:WARNING:pe_image_reader.cc(340)] could not read dos header from C:\WINDOWS\SYSTEM32\Secur32.dll
[0805/154452.920:ERROR:process_memory_win.cc(73)] ReadMemory at 0x7ff9d53f0000 of 64 bytes failed: Solo se completó una parte de una solicitud ReadProcessMemory o WriteProcessMemory. (0x12B)
[0805/154452.920:WARNING:pe_image_reader.cc(340)] could not read dos header from C:\WINDOWS\SYSTEM32\USERENV.dll
[0805/154452.920:ERROR:process_memory_win.cc(73)] ReadMemory at 0x7ff9d5570000 of 64 bytes failed: Solo se completó una parte de una solicitud ReadProcessMemory o WriteProcessMemory. (0x12B)
[0805/154452.920:WARNING:pe_image_reader.cc(340)] could not read dos header from C:\WINDOWS\System32\profapi.dll
[0805/154452.920:ERROR:process_memory_win.cc(73)] ReadMemory at 0x7ff9a7570000 of 64 bytes failed: Solo se completó una parte de una solicitud ReadProcessMemory o WriteProcessMemory. (0x12B)
[0805/154452.920:WARNING:pe_image_reader.cc(340)] could not read dos header from C:\WINDOWS\SYSTEM32\UIAutomationCore.DLL
[0805/154452.920:ERROR:process_memory_win.cc(73)] ReadMemory at 0x7ff9b5d80000 of 64 bytes failed: Solo se completó una parte de una solicitud ReadProcessMemory o WriteProcessMemory. (0x12B)
[0805/154452.920:WARNING:pe_image_reader.cc(340)] could not read dos header from C:\WINDOWS\SYSTEM32\DWrite.dll
[0805/154452.920:ERROR:process_memory_win.cc(73)] ReadMemory at 0x7ff9c8030000 of 64 bytes failed: Solo se completó una parte de una solicitud ReadProcessMemory o WriteProcessMemory. (0x12B)
[0805/154452.920:WARNING:pe_image_reader.cc(340)] could not read dos header from C:\WINDOWS\SYSTEM32\WINSPOOL.DRV
[0805/154452.920:ERROR:process_memory_win.cc(73)] ReadMemory at 0x7ff9d54e0000 of 64 bytes failed: Solo se completó una parte de una solicitud ReadProcessMemory o WriteProcessMemory. (0x12B)
[0805/154452.920:WARNING:pe_image_reader.cc(340)] could not read dos header from C:\WINDOWS\System32\kernel.appcore.dll
[0805/154452.920:ERROR:process_memory_win.cc(73)] ReadMemory at 0x7ff9d60e0000 of 64 bytes failed: Solo se completó una parte de una solicitud ReadProcessMemory o WriteProcessMemory. (0x12B)
[0805/154452.920:WARNING:pe_image_reader.cc(340)] could not read dos header from C:\WINDOWS\System32\bcrypt.dll
[0805/154452.920:ERROR:process_memory_win.cc(73)] ReadMemory at 0x7ff9d3f20000 of 64 bytes failed: Solo se completó una parte de una solicitud ReadProcessMemory o WriteProcessMemory. (0x12B)
[0805/154452.920:WARNING:pe_image_reader.cc(340)] could not read dos header from C:\WINDOWS\SYSTEM32\dbghelp.dll
[0805/154452.920:ERROR:process_memory_win.cc(73)] ReadMemory at 0x7ff9c4650000 of 64 bytes failed: Solo se completó una parte de una solicitud ReadProcessMemory o WriteProcessMemory. (0x12B)
[0805/154452.920:WARNING:pe_image_reader.cc(340)] could not read dos header from C:\WINDOWS\SYSTEM32\WINHTTP.dll
[0805/154452.920:ERROR:process_memory_win.cc(73)] ReadMemory at 0x7ff9cd020000 of 64 bytes failed: Solo se completó una parte de una solicitud ReadProcessMemory o WriteProcessMemory. (0x12B)
[0805/154452.920:WARNING:pe_image_reader.cc(340)] could not read dos header from C:\WINDOWS\SYSTEM32\dhcpcsvc.DLL
[0805/154452.920:ERROR:process_memory_win.cc(73)] ReadMemory at 0x7ff9d7890000 of 64 bytes failed: Solo se completó una parte de una solicitud ReadProcessMemory o WriteProcessMemory. (0x12B)
[0805/154452.920:WARNING:pe_image_reader.cc(340)] could not read dos header from C:\WINDOWS\System32\NSI.dll
[0805/154452.920:ERROR:process_memory_win.cc(73)] ReadMemory at 0x7ff9d2120000 of 64 bytes failed: Solo se completó una parte de una solicitud ReadProcessMemory o WriteProcessMemory. (0x12B)
[0805/154452.920:WARNING:pe_image_reader.cc(340)] could not read dos header from C:\WINDOWS\SYSTEM32\WINMMBASE.dll
[0805/154452.920:ERROR:process_memory_win.cc(73)] ReadMemory at 0x7ff9d55a0000 of 64 bytes failed: Solo se completó una parte de una solicitud ReadProcessMemory o WriteProcessMemory. (0x12B)
[0805/154452.920:WARNING:pe_image_reader.cc(340)] could not read dos header from C:\WINDOWS\System32\cfgmgr32.dll
[0805/154452.920:ERROR:process_memory_win.cc(73)] ReadMemory at 0x7ff9d1c40000 of 64 bytes failed: Solo se completó una parte de una solicitud ReadProcessMemory o WriteProcessMemory. (0x12B)
[0805/154452.920:WARNING:pe_image_reader.cc(340)] could not read dos header from C:\WINDOWS\SYSTEM32\PROPSYS.dll
[0805/154452.920:ERROR:process_memory_win.cc(73)] ReadMemory at 0x7ff9d7e40000 of 64 bytes failed: Solo se completó una parte de una solicitud ReadProcessMemory o WriteProcessMemory. (0x12B)
[0805/154452.920:WARNING:pe_image_reader.cc(340)] could not read dos header from C:\WINDOWS\System32\shcore.dll
[0805/154452.920:ERROR:process_memory_win.cc(73)] ReadMemory at 0x7ff9d53c0000 of 64 bytes failed: Solo se completó una parte de una solicitud ReadProcessMemory o WriteProcessMemory. (0x12B)
[0805/154452.920:WARNING:pe_image_reader.cc(340)] could not read dos header from C:\WINDOWS\SYSTEM32\SSPICLI.DLL
[0805/154452.920:ERROR:process_memory_win.cc(73)] ReadMemory at 0x7ff9d4f10000 of 64 bytes failed: Solo se completó una parte de una solicitud ReadProcessMemory o WriteProcessMemory. (0x12B)
[0805/154452.920:WARNING:pe_image_reader.cc(340)] could not read dos header from C:\WINDOWS\SYSTEM32\CRYPTBASE.DLL
[0805/154452.920:ERROR:process_memory_win.cc(73)] ReadMemory at 0x7ff6e89e0000 of 64 bytes failed: Solo se completó una parte de una solicitud ReadProcessMemory o WriteProcessMemory. (0x12B)
[0805/154452.920:WARNING:pe_image_reader.cc(340)] could not read dos header from C:\Program Files (x86)\Google\Chrome\Application\chrome.exe
[0805/154452.920:ERROR:process_memory_win.cc(73)] ReadMemory at 0x7ff9d8620000 of 64 bytes failed: Solo se completó una parte de una solicitud ReadProcessMemory o WriteProcessMemory. (0x12B)
[0805/154452.920:WARNING:pe_image_reader.cc(340)] could not read dos header from C:\WINDOWS\SYSTEM32\ntdll.dll
[0805/154452.920:ERROR:process_memory_win.cc(73)] ReadMemory at 0x7ff9d75e0000 of 64 bytes failed: Solo se completó una parte de una solicitud ReadProcessMemory o WriteProcessMemory. (0x12B)
[0805/154452.920:WARNING:pe_image_reader.cc(340)] could not read dos header from C:\WINDOWS\System32\KERNEL32.DLL
[0805/154452.920:ERROR:process_memory_win.cc(73)] ReadMemory at 0x7ff9d62b0000 of 64 bytes failed: Solo se completó una parte de una solicitud ReadProcessMemory o WriteProcessMemory. (0x12B)
[0805/154452.920:WARNING:pe_image_reader.cc(340)] could not read dos header from C:\WINDOWS\System32\KERNELBASE.dll
[0805/154452.920:ERROR:process_memory_win.cc(73)] ReadMemory at 0x7ff9a0c00000 of 64 bytes failed: Solo se completó una parte de una solicitud ReadProcessMemory o WriteProcessMemory. (0x12B)
[0805/154452.920:WARNING:pe_image_reader.cc(340)] could not read dos header from C:\Program Files (x86)\Google\Chrome\Application\84.0.4147.105\chrome_elf.dll
[0805/154452.920:ERROR:process_memory_win.cc(73)] ReadMemory at 0x7ff9d04e0000 of 64 bytes failed: Solo se completó una parte de una solicitud ReadProcessMemory o WriteProcessMemory. (0x12B)
[0805/154452.920:WARNING:pe_image_reader.cc(340)] could not read dos header from C:\WINDOWS\SYSTEM32\VERSION.dll
[0805/154452.920:ERROR:process_memory_win.cc(73)] ReadMemory at 0x7ff9d66d0000 of 64 bytes failed: Solo se completó una parte de una solicitud ReadProcessMemory o WriteProcessMemory. (0x12B)
[0805/154452.920:WARNING:pe_image_reader.cc(340)] could not read dos header from C:\WINDOWS\System32\msvcrt.dll
[0805/154452.920:ERROR:process_memory_win.cc(73)] ReadMemory at 0x7ff9d58d0000 of 64 bytes failed: Solo se completó una parte de una solicitud ReadProcessMemory o WriteProcessMemory. (0x12B)
[0805/154452.920:WARNING:pe_image_reader.cc(340)] could not read dos header from C:\WINDOWS\System32\bcryptPrimitives.dll
[0805/154452.920:ERROR:process_memory_win.cc(73)] ReadMemory at 0x7ff9d6770000 of 64 bytes failed: Solo se completó una parte de una solicitud ReadProcessMemory o WriteProcessMemory. (0x12B)
[0805/154452.920:WARNING:pe_image_reader.cc(340)] could not read dos header from C:\WINDOWS\System32\ADVAPI32.dll
[0805/154452.920:ERROR:process_memory_win.cc(73)] ReadMemory at 0x7ff9d7330000 of 64 bytes failed: Solo se completó una parte de una solicitud ReadProcessMemory o WriteProcessMemory. (0x12B)
[0805/154452.920:WARNING:pe_image_reader.cc(340)] could not read dos header from C:\WINDOWS\System32\sechost.dll
[0805/154452.920:ERROR:process_memory_win.cc(73)] ReadMemory at 0x7ff9d6b50000 of 64 bytes failed: Solo se completó una parte de una solicitud ReadProcessMemory o WriteProcessMemory. (0x12B)
[0805/154452.920:WARNING:pe_image_reader.cc(340)] could not read dos header from C:\WINDOWS\System32\RPCRT4.dll
[0805/154452.920:ERROR:process_memory_win.cc(73)] ReadMemory at 0x7ff97bd10000 of 64 bytes failed: Solo se completó una parte de una solicitud ReadProcessMemory o WriteProcessMemory. (0x12B)
[0805/154452.920:WARNING:pe_image_reader.cc(340)] could not read dos header from C:\Program Files (x86)\Google\Chrome\Application\84.0.4147.105\chrome.dll
[0805/154452.920:ERROR:process_memory_win.cc(73)] ReadMemory at 0x7ff9d77f0000 of 64 bytes failed: Solo se completó una parte de una solicitud ReadProcessMemory o WriteProcessMemory. (0x12B)
[0805/154452.920:WARNING:pe_image_reader.cc(340)] could not read dos header from C:\WINDOWS\System32\WS2_32.dll
[0805/154452.920:ERROR:process_memory_win.cc(73)] ReadMemory at 0x7ff9d7d10000 of 64 bytes failed: Solo se completó una parte de una solicitud ReadProcessMemory o WriteProcessMemory. (0x12B)
[0805/154452.920:WARNING:pe_image_reader.cc(340)] could not read dos header from C:\WINDOWS\System32\OLEAUT32.dll
[0805/154452.920:ERROR:process_memory_win.cc(73)] ReadMemory at 0x7ff9d5620000 of 64 bytes failed: Solo se completó una parte de una solicitud ReadProcessMemory o WriteProcessMemory. (0x12B)
[0805/154452.920:WARNING:pe_image_reader.cc(340)] could not read dos header from C:\WINDOWS\System32\msvcp_win.dll
[0805/154452.920:ERROR:process_memory_win.cc(73)] ReadMemory at 0x7ff9d57d0000 of 64 bytes failed: Solo se completó una parte de una solicitud ReadProcessMemory o WriteProcessMemory. (0x12B)
[0805/154452.920:WARNING:pe_image_reader.cc(340)] could not read dos header from C:\WINDOWS\System32\ucrtbase.dll
[0805/154452.920:ERROR:process_memory_win.cc(73)] ReadMemory at 0x7ff9d6e40000 of 64 bytes failed: Solo se completó una parte de una solicitud ReadProcessMemory o WriteProcessMemory. (0x12B)
[0805/154452.920:WARNING:pe_image_reader.cc(340)] could not read dos header from C:\WINDOWS\System32\combase.dll
[0805/154452.920:ERROR:process_memory_win.cc(73)] ReadMemory at 0x7ff9d5770000 of 64 bytes failed: Solo se completó una parte de una solicitud ReadProcessMemory o WriteProcessMemory. (0x12B)
[0805/154452.920:WARNING:pe_image_reader.cc(340)] could not read dos header from C:\WINDOWS\System32\WINTRUST.dll
[0805/154452.920:ERROR:process_memory_win.cc(73)] ReadMemory at 0x7ff9d5500000 of 64 bytes failed: Solo se completó una parte de una solicitud ReadProcessMemory o WriteProcessMemory. (0x12B)
[0805/154452.920:WARNING:pe_image_reader.cc(340)] could not read dos header from C:\WINDOWS\System32\MSASN1.dll
[0805/154452.920:ERROR:process_memory_win.cc(73)] ReadMemory at 0x7ff9d6560000 of 64 bytes failed: Solo se completó una parte de una solicitud ReadProcessMemory o WriteProcessMemory. (0x12B)
[0805/154452.920:WARNING:pe_image_reader.cc(340)] could not read dos header from C:\WINDOWS\System32\CRYPT32.dll
[0805/154452.920:ERROR:process_memory_win.cc(73)] ReadMemory at 0x7ff9d4a50000 of 64 bytes failed: Solo se completó una parte de una solicitud ReadProcessMemory o WriteProcessMemory. (0x12B)
[0805/154452.920:WARNING:pe_image_reader.cc(340)] could not read dos header from C:\WINDOWS\SYSTEM32\IPHLPAPI.DLL
[0805/154452.920:ERROR:process_memory_win.cc(73)] ReadMemory at 0x7ff9d2150000 of 64 bytes failed: Solo se completó una parte de una solicitud ReadProcessMemory o WriteProcessMemory. (0x12B)
[0805/154452.920:WARNING:pe_image_reader.cc(340)] could not read dos header from C:\WINDOWS\SYSTEM32\WINMM.dll
[0805/154452.920:ERROR:process_memory_win.cc(73)] ReadMemory at 0x7ff9bfc90000 of 64 bytes failed: Solo se completó una parte de una solicitud ReadProcessMemory o WriteProcessMemory. (0x12B)
[0805/154452.920:WARNING:pe_image_reader.cc(340)] could not read dos header from C:\WINDOWS\SYSTEM32\Secur32.dll
[0805/154452.920:ERROR:process_memory_win.cc(73)] ReadMemory at 0x7ff9d53f0000 of 64 bytes failed: Solo se completó una parte de una solicitud ReadProcessMemory o WriteProcessMemory. (0x12B)
[0805/154452.920:WARNING:pe_image_reader.cc(340)] could not read dos header from C:\WINDOWS\SYSTEM32\USERENV.dll
[0805/154452.920:ERROR:process_memory_win.cc(73)] ReadMemory at 0x7ff9d5570000 of 64 bytes failed: Solo se completó una parte de una solicitud ReadProcessMemory o WriteProcessMemory. (0x12B)
[0805/154452.920:WARNING:pe_image_reader.cc(340)] could not read dos header from C:\WINDOWS\System32\profapi.dll
[0805/154452.920:ERROR:process_memory_win.cc(73)] ReadMemory at 0x7ff9a7570000 of 64 bytes failed: Solo se completó una parte de una solicitud ReadProcessMemory o WriteProcessMemory. (0x12B)
[0805/154452.920:WARNING:pe_image_reader.cc(340)] could not read dos header from C:\WINDOWS\SYSTEM32\UIAutomationCore.DLL
[0805/154452.920:ERROR:process_memory_win.cc(73)] ReadMemory at 0x7ff9b5d80000 of 64 bytes failed: Solo se completó una parte de una solicitud ReadProcessMemory o WriteProcessMemory. (0x12B)
[0805/154452.920:WARNING:pe_image_reader.cc(340)] could not read dos header from C:\WINDOWS\SYSTEM32\DWrite.dll
[0805/154452.920:ERROR:process_memory_win.cc(73)] ReadMemory at 0x7ff9c8030000 of 64 bytes failed: Solo se completó una parte de una solicitud ReadProcessMemory o WriteProcessMemory. (0x12B)
[0805/154452.920:WARNING:pe_image_reader.cc(340)] could not read dos header from C:\WINDOWS\SYSTEM32\WINSPOOL.DRV
[0805/154452.920:ERROR:process_memory_win.cc(73)] ReadMemory at 0x7ff9d54e0000 of 64 bytes failed: Solo se completó una parte de una solicitud ReadProcessMemory o WriteProcessMemory. (0x12B)
[0805/154452.920:WARNING:pe_image_reader.cc(340)] could not read dos header from C:\WINDOWS\System32\kernel.appcore.dll
[0805/154452.920:ERROR:process_memory_win.cc(73)] ReadMemory at 0x7ff9d60e0000 of 64 bytes failed: Solo se completó una parte de una solicitud ReadProcessMemory o WriteProcessMemory. (0x12B)
[0805/154452.920:WARNING:pe_image_reader.cc(340)] could not read dos header from C:\WINDOWS\System32\bcrypt.dll
[0805/154452.920:ERROR:process_memory_win.cc(73)] ReadMemory at 0x7ff9d3f20000 of 64 bytes failed: Solo se completó una parte de una solicitud ReadProcessMemory o WriteProcessMemory. (0x12B)
[0805/154452.920:WARNING:pe_image_reader.cc(340)] could not read dos header from C:\WINDOWS\SYSTEM32\dbghelp.dll
[0805/154452.920:ERROR:process_memory_win.cc(73)] ReadMemory at 0x7ff9c4650000 of 64 bytes failed: Solo se completó una parte de una solicitud ReadProcessMemory o WriteProcessMemory. (0x12B)
[0805/154452.920:WARNING:pe_image_reader.cc(340)] could not read dos header from C:\WINDOWS\SYSTEM32\WINHTTP.dll
[0805/154452.920:ERROR:process_memory_win.cc(73)] ReadMemory at 0x7ff9cd020000 of 64 bytes failed: Solo se completó una parte de una solicitud ReadProcessMemory o WriteProcessMemory. (0x12B)
[0805/154452.920:WARNING:pe_image_reader.cc(340)] could not read dos header from C:\WINDOWS\SYSTEM32\dhcpcsvc.DLL
[0805/154452.920:ERROR:process_memory_win.cc(73)] ReadMemory at 0x7ff9d7890000 of 64 bytes failed: Solo se completó una parte de una solicitud ReadProcessMemory o WriteProcessMemory. (0x12B)
[0805/154452.920:WARNING:pe_image_reader.cc(340)] could not read dos header from C:\WINDOWS\System32\NSI.dll
[0805/154452.920:ERROR:process_memory_win.cc(73)] ReadMemory at 0x7ff9d2120000 of 64 bytes failed: Solo se completó una parte de una solicitud ReadProcessMemory o WriteProcessMemory. (0x12B)
[0805/154452.920:WARNING:pe_image_reader.cc(340)] could not read dos header from C:\WINDOWS\SYSTEM32\WINMMBASE.dll
[0805/154452.920:ERROR:process_memory_win.cc(73)] ReadMemory at 0x7ff9d55a0000 of 64 bytes failed: Solo se completó una parte de una solicitud ReadProcessMemory o WriteProcessMemory. (0x12B)
[0805/154452.920:WARNING:pe_image_reader.cc(340)] could not read dos header from C:\WINDOWS\System32\cfgmgr32.dll
[0805/154452.920:ERROR:process_memory_win.cc(73)] ReadMemory at 0x7ff9d1c40000 of 64 bytes failed: Solo se completó una parte de una solicitud ReadProcessMemory o WriteProcessMemory. (0x12B)
[0805/154452.920:WARNING:pe_image_reader.cc(340)] could not read dos header from C:\WINDOWS\SYSTEM32\PROPSYS.dll
[0805/154452.920:ERROR:process_memory_win.cc(73)] ReadMemory at 0x7ff9d7e40000 of 64 bytes failed: Solo se completó una parte de una solicitud ReadProcessMemory o WriteProcessMemory. (0x12B)
[0805/154452.920:WARNING:pe_image_reader.cc(340)] could not read dos header from C:\WINDOWS\System32\shcore.dll
[0805/154452.920:ERROR:process_memory_win.cc(73)] ReadMemory at 0x7ff9d53c0000 of 64 bytes failed: Solo se completó una parte de una solicitud ReadProcessMemory o WriteProcessMemory. (0x12B)
[0805/154452.920:WARNING:pe_image_reader.cc(340)] could not read dos header from C:\WINDOWS\SYSTEM32\SSPICLI.DLL
[0805/154452.920:ERROR:process_memory_win.cc(73)] ReadMemory at 0x7ff9d4f10000 of 64 bytes failed: Solo se completó una parte de una solicitud ReadProcessMemory o WriteProcessMemory. (0x12B)
[0805/154452.920:WARNING:pe_image_reader.cc(340)] could not read dos header from C:\WINDOWS\SYSTEM32\CRYPTBASE.DLL
[0805/154452.936:ERROR:process_memory_win.cc(73)] ReadMemory at 0x322a3e8000 of 98304 bytes failed: Solo se completó una parte de una solicitud ReadProcessMemory o WriteProcessMemory. (0x12B)
[0805/154452.936:ERROR:process_memory_win.cc(73)] ReadMemory at 0x322abfd000 of 12288 bytes failed: Solo se completó una parte de una solicitud ReadProcessMemory o WriteProcessMemory. (0x12B)
[0805/154452.936:ERROR:process_memory_win.cc(73)] ReadMemory at 0x322b3fc000 of 16384 bytes failed: Solo se completó una parte de una solicitud ReadProcessMemory o WriteProcessMemory. (0x12B)
[0805/154452.936:ERROR:process_memory_win.cc(73)] ReadMemory at 0x322bbfd000 of 12288 bytes failed: Solo se completó una parte de una solicitud ReadProcessMemory o WriteProcessMemory. (0x12B)
[0805/154452.936:ERROR:process_memory_win.cc(73)] ReadMemory at 0x322c3fc000 of 16384 bytes failed: Solo se completó una parte de una solicitud ReadProcessMemory o WriteProcessMemory. (0x12B)
[0805/154452.936:ERROR:process_memory_win.cc(73)] ReadMemory at 0x322cbfe000 of 8192 bytes failed: Solo se completó una parte de una solicitud ReadProcessMemory o WriteProcessMemory. (0x12B)
[0805/154452.936:ERROR:process_memory_win.cc(73)] ReadMemory at 0x322d3fd000 of 12288 bytes failed: Solo se completó una parte de una solicitud ReadProcessMemory o WriteProcessMemory. (0x12B)
[0805/154452.936:ERROR:process_memory_win.cc(73)] ReadMemory at 0x322dbfb000 of 20480 bytes failed: Solo se completó una parte de una solicitud ReadProcessMemory o WriteProcessMemory. (0x12B)
[0805/154452.936:ERROR:process_memory_win.cc(73)] ReadMemory at 0x322e3fd000 of 12288 bytes failed: Solo se completó una parte de una solicitud ReadProcessMemory o WriteProcessMemory. (0x12B)
[0805/154452.936:ERROR:process_memory_win.cc(73)] ReadMemory at 0x322ebf5000 of 45056 bytes failed: Solo se completó una parte de una solicitud ReadProcessMemory o WriteProcessMemory. (0x12B)
[0805/154452.936:ERROR:process_memory_win.cc(73)] ReadMemory at 0x322f3f6000 of 40960 bytes failed: Solo se completó una parte de una solicitud ReadProcessMemory o WriteProcessMemory. (0x12B)
[0805/154452.936:ERROR:process_memory_win.cc(73)] ReadMemory at 0x322fbfd000 of 12288 bytes failed: Solo se completó una parte de una solicitud ReadProcessMemory o WriteProcessMemory. (0x12B)
[0805/154452.936:ERROR:process_memory_win.cc(73)] ReadMemory at 0x32303fc000 of 16384 bytes failed: Solo se completó una parte de una solicitud ReadProcessMemory o WriteProcessMemory. (0x12B)
[0805/154452.936:ERROR:process_memory_win.cc(73)] ReadMemory at 0x3230bfd000 of 12288 bytes failed: Solo se completó una parte de una solicitud ReadProcessMemory o WriteProcessMemory. (0x12B)
[0805/154452.936:ERROR:process_memory_win.cc(73)] ReadMemory at 0x3229b3b000 of 852 bytes failed: Solo se completó una parte de una solicitud ReadProcessMemory o WriteProcessMemory. (0x12B)
[0805/154452.936:ERROR:process_memory_win.cc(73)] ReadMemory at 0x3229b3c000 of 6024 bytes failed: Solo se completó una parte de una solicitud ReadProcessMemory o WriteProcessMemory. (0x12B)
[0805/154452.936:ERROR:process_memory_win.cc(73)] ReadMemory at 0x3229b3e000 of 6024 bytes failed: Solo se completó una parte de una solicitud ReadProcessMemory o WriteProcessMemory. (0x12B)
[0805/154452.936:ERROR:process_memory_win.cc(73)] ReadMemory at 0x3229b40000 of 6024 bytes failed: Solo se completó una parte de una solicitud ReadProcessMemory o WriteProcessMemory. (0x12B)
[0805/154452.936:ERROR:process_memory_win.cc(73)] ReadMemory at 0x3229b42000 of 6024 bytes failed: Solo se completó una parte de una solicitud ReadProcessMemory o WriteProcessMemory. (0x12B)
[0805/154452.936:ERROR:process_memory_win.cc(73)] ReadMemory at 0x3229b44000 of 6024 bytes failed: Solo se completó una parte de una solicitud ReadProcessMemory o WriteProcessMemory. (0x12B)
[0805/154452.936:ERROR:process_memory_win.cc(73)] ReadMemory at 0x3229b46000 of 6024 bytes failed: Solo se completó una parte de una solicitud ReadProcessMemory o WriteProcessMemory. (0x12B)
[0805/154452.936:ERROR:process_memory_win.cc(73)] ReadMemory at 0x3229b48000 of 6024 bytes failed: Solo se completó una parte de una solicitud ReadProcessMemory o WriteProcessMemory. (0x12B)
[0805/154452.936:ERROR:process_memory_win.cc(73)] ReadMemory at 0x3229b4a000 of 6024 bytes failed: Solo se completó una parte de una solicitud ReadProcessMemory o WriteProcessMemory. (0x12B)
[0805/154452.936:ERROR:process_memory_win.cc(73)] ReadMemory at 0x3229b4c000 of 6024 bytes failed: Solo se completó una parte de una solicitud ReadProcessMemory o WriteProcessMemory. (0x12B)
[0805/154452.936:ERROR:process_memory_win.cc(73)] ReadMemory at 0x3229b4e000 of 6024 bytes failed: Solo se completó una parte de una solicitud ReadProcessMemory o WriteProcessMemory. (0x12B)
[0805/154452.936:ERROR:process_memory_win.cc(73)] ReadMemory at 0x3229b50000 of 6024 bytes failed: Solo se completó una parte de una solicitud ReadProcessMemory o WriteProcessMemory. (0x12B)
[0805/154452.936:ERROR:process_memory_win.cc(73)] ReadMemory at 0x3229b52000 of 6024 bytes failed: Solo se completó una parte de una solicitud ReadProcessMemory o WriteProcessMemory. (0x12B)
[0805/154452.936:ERROR:process_memory_win.cc(73)] ReadMemory at 0x3229b5a000 of 6024 bytes failed: Solo se completó una parte de una solicitud ReadProcessMemory o WriteProcessMemory. (0x12B)
[0805/154452.936:ERROR:process_memory_win.cc(73)] ReadMemory at 0x3229b5c000 of 6024 bytes failed: Solo se completó una parte de una solicitud ReadProcessMemory o WriteProcessMemory. (0x12B)
[0805/154452.936:ERROR:process_memory_win.cc(73)] ReadMemory at 0x214606a2080 of 512 bytes failed: Solo se completó una parte de una solicitud ReadProcessMemory o WriteProcessMemory. (0x12B)
[0805/154452.936:ERROR:process_memory_win.cc(73)] ReadMemory at 0x214606a25c0 of 512 bytes failed: Solo se completó una parte de una solicitud ReadProcessMemory o WriteProcessMemory. (0x12B)
[0805/154452.936:ERROR:process_memory_win.cc(73)] ReadMemory at 0x21460750fe0 of 5766 bytes failed: Solo se completó una parte de una solicitud ReadProcessMemory o WriteProcessMemory. (0x12B)
[0805/154452.936:ERROR:process_memory_win.cc(73)] ReadMemory at 0x21460752670 of 1012 bytes failed: Solo se completó una parte de una solicitud ReadProcessMemory o WriteProcessMemory. (0x12B)
[0805/154452.936:ERROR:process_memory_win.cc(73)] ReadMemory at 0x21460752cb8 of 118 bytes failed: Solo se completó una parte de una solicitud ReadProcessMemory o WriteProcessMemory. (0x12B)
[0805/154452.936:ERROR:process_memory_win.cc(73)] ReadMemory at 0x21460752d30 of 754 bytes failed: Solo se completó una parte de una solicitud ReadProcessMemory o WriteProcessMemory. (0x12B)
[0805/154452.936:ERROR:process_memory_win.cc(73)] ReadMemory at 0x21460753024 of 118 bytes failed: Solo se completó una parte de una solicitud ReadProcessMemory o WriteProcessMemory. (0x12B)
[0805/154452.936:ERROR:process_memory_win.cc(73)] ReadMemory at 0x2146075309c of 102 bytes failed: Solo se completó una parte de una solicitud ReadProcessMemory o WriteProcessMemory. (0x12B)
[0805/154452.936:ERROR:process_memory_win.cc(73)] ReadMemory at 0x21460753110 of 58 bytes failed: Solo se completó una parte de una solicitud ReadProcessMemory o WriteProcessMemory. (0x12B)
[0805/154452.936:ERROR:process_memory_win.cc(73)] ReadMemory at 0x21460753210 of 132 bytes failed: Solo se completó una parte de una solicitud ReadProcessMemory o WriteProcessMemory. (0x12B)
[0805/154452.936:ERROR:process_memory_win.cc(73)] ReadMemory at 0x214607533a0 of 132 bytes failed: Solo se completó una parte de una solicitud ReadProcessMemory o WriteProcessMemory. (0x12B)
[0805/154452.936:ERROR:process_memory_win.cc(73)] ReadMemory at 0x21460753560 of 126 bytes failed: Solo se completó una parte de una solicitud ReadProcessMemory o WriteProcessMemory. (0x12B)
[0805/154452.936:ERROR:process_memory_win.cc(73)] ReadMemory at 0x21460753940 of 132 bytes failed: Solo se completó una parte de una solicitud ReadProcessMemory o WriteProcessMemory. (0x12B)
[0805/154452.936:ERROR:process_memory_win.cc(73)] ReadMemory at 0x21460753ad0 of 64 bytes failed: Solo se completó una parte de una solicitud ReadProcessMemory o WriteProcessMemory. (0x12B)
[0805/154452.936:ERROR:process_memory_win.cc(73)] ReadMemory at 0x21460753c90 of 132 bytes failed: Solo se completó una parte de una solicitud ReadProcessMemory o WriteProcessMemory. (0x12B)
[0805/154452.936:ERROR:process_memory_win.cc(73)] ReadMemory at 0x21460753f30 of 132 bytes failed: Solo se completó una parte de una solicitud ReadProcessMemory o WriteProcessMemory. (0x12B)
[0805/154452.936:ERROR:process_memory_win.cc(73)] ReadMemory at 0x214607540c0 of 68 bytes failed: Solo se completó una parte de una solicitud ReadProcessMemory o WriteProcessMemory. (0x12B)
[0805/154452.936:ERROR:process_memory_win.cc(73)] ReadMemory at 0x21460755190 of 132 bytes failed: Solo se completó una parte de una solicitud ReadProcessMemory o WriteProcessMemory. (0x12B)
[0805/154452.936:ERROR:process_memory_win.cc(73)] ReadMemory at 0x21460755320 of 154 bytes failed: Solo se completó una parte de una solicitud ReadProcessMemory o WriteProcessMemory. (0x12B)
[0805/154452.936:ERROR:process_memory_win.cc(73)] ReadMemory at 0x214607576d0 of 62 bytes failed: Solo se completó una parte de una solicitud ReadProcessMemory o WriteProcessMemory. (0x12B)
[0805/154452.936:ERROR:process_memory_win.cc(73)] ReadMemory at 0x21460757800 of 132 bytes failed: Solo se completó una parte de una solicitud ReadProcessMemory o WriteProcessMemory. (0x12B)
[0805/154452.936:ERROR:process_memory_win.cc(73)] ReadMemory at 0x21460757990 of 60 bytes failed: Solo se completó una parte de una solicitud ReadProcessMemory o WriteProcessMemory. (0x12B)
[0805/154452.936:ERROR:process_memory_win.cc(73)] ReadMemory at 0x2146075b2ec of 512 bytes failed: Solo se completó una parte de una solicitud ReadProcessMemory o WriteProcessMemory. (0x12B)
[0805/154452.936:ERROR:process_memory_win.cc(73)] ReadMemory at 0x214607616a0 of 80 bytes failed: Solo se completó una parte de una solicitud ReadProcessMemory o WriteProcessMemory. (0x12B)
[0805/154452.936:ERROR:process_memory_win.cc(73)] ReadMemory at 0x214607618e0 of 76 bytes failed: Solo se completó una parte de una solicitud ReadProcessMemory o WriteProcessMemory. (0x12B)
[0805/154452.936:ERROR:process_memory_win.cc(73)] ReadMemory at 0x21460761a60 of 80 bytes failed: Solo se completó una parte de una solicitud ReadProcessMemory o WriteProcessMemory. (0x12B)
[0805/154452.936:ERROR:process_memory_win.cc(73)] ReadMemory at 0x21460763090 of 132 bytes failed: Solo se completó una parte de una solicitud ReadProcessMemory o WriteProcessMemory. (0x12B)
[0805/154452.936:ERROR:process_memory_win.cc(73)] ReadMemory at 0x21460763590 of 132 bytes failed: Solo se completó una parte de una solicitud ReadProcessMemory o WriteProcessMemory. (0x12B)
[0805/154452.936:ERROR:process_memory_win.cc(73)] ReadMemory at 0x21460763ef0 of 132 bytes failed: Solo se completó una parte de una solicitud ReadProcessMemory o WriteProcessMemory. (0x12B)
[0805/154452.936:ERROR:process_memory_win.cc(73)] ReadMemory at 0x21460766d60 of 132 bytes failed: Solo se completó una parte de una solicitud ReadProcessMemory o WriteProcessMemory. (0x12B)
[0805/154452.936:ERROR:process_memory_win.cc(73)] ReadMemory at 0x21460766e90 of 132 bytes failed: Solo se completó una parte de una solicitud ReadProcessMemory o WriteProcessMemory. (0x12B)
[0805/154452.936:ERROR:process_memory_win.cc(73)] ReadMemory at 0x21460766fc0 of 132 bytes failed: Solo se completó una parte de una solicitud ReadProcessMemory o WriteProcessMemory. (0x12B)
[0805/154452.936:ERROR:process_memory_win.cc(73)] ReadMemory at 0x214607670f0 of 132 bytes failed: Solo se completó una parte de una solicitud ReadProcessMemory o WriteProcessMemory. (0x12B)
[0805/154452.936:ERROR:process_memory_win.cc(73)] ReadMemory at 0x21460767220 of 132 bytes failed: Solo se completó una parte de una solicitud ReadProcessMemory o WriteProcessMemory. (0x12B)
[0805/154452.936:ERROR:process_memory_win.cc(73)] ReadMemory at 0x21460767350 of 132 bytes failed: Solo se completó una parte de una solicitud ReadProcessMemory o WriteProcessMemory. (0x12B)
[0805/154452.936:ERROR:process_memory_win.cc(73)] ReadMemory at 0x21460767480 of 132 bytes failed: Solo se completó una parte de una solicitud ReadProcessMemory o WriteProcessMemory. (0x12B)
[0805/154452.936:ERROR:process_memory_win.cc(73)] ReadMemory at 0x214607675b0 of 132 bytes failed: Solo se completó una parte de una solicitud ReadProcessMemory o WriteProcessMemory. (0x12B)
[0805/154452.936:ERROR:process_memory_win.cc(73)] ReadMemory at 0x214607676e0 of 132 bytes failed: Solo se completó una parte de una solicitud ReadProcessMemory o WriteProcessMemory. (0x12B)
[0805/154452.936:ERROR:process_memory_win.cc(73)] ReadMemory at 0x21460767810 of 132 bytes failed: Solo se completó una parte de una solicitud ReadProcessMemory o WriteProcessMemory. (0x12B)
[0805/154452.936:ERROR:process_memory_win.cc(73)] ReadMemory at 0x21460767a70 of 132 bytes failed: Solo se completó una parte de una solicitud ReadProcessMemory o WriteProcessMemory. (0x12B)
[0805/154452.936:ERROR:process_memory_win.cc(73)] ReadMemory at 0x21460767ba0 of 132 bytes failed: Solo se completó una parte de una solicitud ReadProcessMemory o WriteProcessMemory. (0x12B)
[0805/154452.936:ERROR:process_memory_win.cc(73)] ReadMemory at 0x21460768a10 of 132 bytes failed: Solo se completó una parte de una solicitud ReadProcessMemory o WriteProcessMemory. (0x12B)
[0805/154452.936:ERROR:process_memory_win.cc(73)] ReadMemory at 0x214607691e0 of 146 bytes failed: Solo se completó una parte de una solicitud ReadProcessMemory o WriteProcessMemory. (0x12B)
[0805/154452.936:ERROR:process_memory_win.cc(73)] ReadMemory at 0x214607692d0 of 132 bytes failed: Solo se completó una parte de una solicitud ReadProcessMemory o WriteProcessMemory. (0x12B)
[0805/154452.936:ERROR:process_memory_win.cc(73)] ReadMemory at 0x2146076b3f0 of 132 bytes failed: Solo se completó una parte de una solicitud ReadProcessMemory o WriteProcessMemory. (0x12B)
[0805/154452.936:ERROR:process_memory_win.cc(73)] ReadMemory at 0x2146076b8f0 of 62 bytes failed: Solo se completó una parte de una solicitud ReadProcessMemory o WriteProcessMemory. (0x12B)
[0805/154452.936:ERROR:process_memory_win.cc(73)] ReadMemory at 0x2146076b940 of 64 bytes failed: Solo se completó una parte de una solicitud ReadProcessMemory o WriteProcessMemory. (0x12B)
[0805/154452.936:ERROR:process_memory_win.cc(73)] ReadMemory at 0x2146076b9e0 of 60 bytes failed: Solo se completó una parte de una solicitud ReadProcessMemory o WriteProcessMemory. (0x12B)
[0805/154452.936:ERROR:process_memory_win.cc(73)] ReadMemory at 0x2146076ba30 of 60 bytes failed: Solo se completó una parte de una solicitud ReadProcessMemory o WriteProcessMemory. (0x12B)
[0805/154452.936:ERROR:process_memory_win.cc(73)] ReadMemory at 0x2146076bb70 of 64 bytes failed: Solo se completó una parte de una solicitud ReadProcessMemory o WriteProcessMemory. (0x12B)
[0805/154452.936:ERROR:process_memory_win.cc(73)] ReadMemory at 0x2146076bc10 of 62 bytes failed: Solo se completó una parte de una solicitud ReadProcessMemory o WriteProcessMemory. (0x12B)
[0805/154452.936:ERROR:process_memory_win.cc(73)] ReadMemory at 0x2146076bc60 of 60 bytes failed: Solo se completó una parte de una solicitud ReadProcessMemory o WriteProcessMemory. (0x12B)
[0805/154452.936:ERROR:process_memory_win.cc(73)] ReadMemory at 0x2146076bcb0 of 62 bytes failed: Solo se completó una parte de una solicitud ReadProcessMemory o WriteProcessMemory. (0x12B)
[0805/154452.936:ERROR:process_memory_win.cc(73)] ReadMemory at 0x2146076bd50 of 62 bytes failed: Solo se completó una parte de una solicitud ReadProcessMemory o WriteProcessMemory. (0x12B)
[0805/154452.936:ERROR:process_memory_win.cc(73)] ReadMemory at 0x2146076bda0 of 62 bytes failed: Solo se completó una parte de una solicitud ReadProcessMemory o WriteProcessMemory. (0x12B)
[0805/154452.936:ERROR:process_memory_win.cc(73)] ReadMemory at 0x2146076bdf0 of 64 bytes failed: Solo se completó una parte de una solicitud ReadProcessMemory o WriteProcessMemory. (0x12B)
[0805/154452.936:ERROR:process_memory_win.cc(73)] ReadMemory at 0x2146076be90 of 58 bytes failed: Solo se completó una parte de una solicitud ReadProcessMemory o WriteProcessMemory. (0x12B)
[0805/154452.936:ERROR:process_memory_win.cc(73)] ReadMemory at 0x2146076bee0 of 62 bytes failed: Solo se completó una parte de una solicitud ReadProcessMemory o WriteProcessMemory. (0x12B)
[0805/154452.936:ERROR:process_memory_win.cc(73)] ReadMemory at 0x2146076bf30 of 64 bytes failed: Solo se completó una parte de una solicitud ReadProcessMemory o WriteProcessMemory. (0x12B)
[0805/154452.936:ERROR:process_memory_win.cc(73)] ReadMemory at 0x2146076bf80 of 64 bytes failed: Solo se completó una parte de una solicitud ReadProcessMemory o WriteProcessMemory. (0x12B)
[0805/154452.936:ERROR:process_memory_win.cc(73)] ReadMemory at 0x2146076c020 of 64 bytes failed: Solo se completó una parte de una solicitud ReadProcessMemory o WriteProcessMemory. (0x12B)
[0805/154452.936:ERROR:process_memory_win.cc(73)] ReadMemory at 0x2146076c070 of 62 bytes failed: Solo se completó una parte de una solicitud ReadProcessMemory o WriteProcessMemory. (0x12B)
[0805/154452.936:ERROR:process_memory_win.cc(73)] ReadMemory at 0x2146076c0c0 of 62 bytes failed: Solo se completó una parte de una solicitud ReadProcessMemory o WriteProcessMemory. (0x12B)
[0805/154452.936:ERROR:process_memory_win.cc(73)] ReadMemory at 0x2146076c110 of 64 bytes failed: Solo se completó una parte de una solicitud ReadProcessMemory o WriteProcessMemory. (0x12B)
[0805/154452.936:ERROR:process_memory_win.cc(73)] ReadMemory at 0x2146076c2f0 of 66 bytes failed: Solo se completó una parte de una solicitud ReadProcessMemory o WriteProcessMemory. (0x12B)
[0805/154452.936:ERROR:process_memory_win.cc(73)] ReadMemory at 0x2146076c3e0 of 60 bytes failed: Solo se completó una parte de una solicitud ReadProcessMemory o WriteProcessMemory. (0x12B)
[0805/154452.936:ERROR:process_memory_win.cc(73)] ReadMemory at 0x2146076c4d0 of 62 bytes failed: Solo se completó una parte de una solicitud ReadProcessMemory o WriteProcessMemory. (0x12B)
[0805/154452.936:ERROR:process_memory_win.cc(73)] ReadMemory at 0x2146076c520 of 60 bytes failed: Solo se completó una parte de una solicitud ReadProcessMemory o WriteProcessMemory. (0x12B)
[0805/154452.936:ERROR:process_memory_win.cc(73)] ReadMemory at 0x2146076c5c0 of 64 bytes failed: Solo se completó una parte de una solicitud ReadProcessMemory o WriteProcessMemory. (0x12B)
[0805/154452.936:ERROR:process_memory_win.cc(73)] ReadMemory at 0x2146076c610 of 66 bytes failed: Solo se completó una parte de una solicitud ReadProcessMemory o WriteProcessMemory. (0x12B)
[0805/154452.936:ERROR:process_memory_win.cc(73)] ReadMemory at 0x2146076c660 of 60 bytes failed: Solo se completó una parte de una solicitud ReadProcessMemory o WriteProcessMemory. (0x12B)
[0805/154452.936:ERROR:process_memory_win.cc(73)] ReadMemory at 0x2146076c700 of 62 bytes failed: Solo se completó una parte de una solicitud ReadProcessMemory o WriteProcessMemory. (0x12B)
[0805/154452.936:ERROR:process_memory_win.cc(73)] ReadMemory at 0x2146076f7f0 of 54 bytes failed: Solo se completó una parte de una solicitud ReadProcessMemory o WriteProcessMemory. (0x12B)
[0805/154452.936:ERROR:process_memory_win.cc(73)] ReadMemory at 0x214607701f0 of 132 bytes failed: Solo se completó una parte de una solicitud ReadProcessMemory o WriteProcessMemory. (0x12B)
[0805/154452.936:ERROR:process_memory_win.cc(73)] ReadMemory at 0x21460770410 of 132 bytes failed: Solo se completó una parte de una solicitud ReadProcessMemory o WriteProcessMemory. (0x12B)
[0805/154452.936:ERROR:process_memory_win.cc(73)] ReadMemory at 0x21460770770 of 132 bytes failed: Solo se completó una parte de una solicitud ReadProcessMemory o WriteProcessMemory. (0x12B)
[0805/154452.936:ERROR:process_memory_win.cc(73)] ReadMemory at 0x21460770980 of 132 bytes failed: Solo se completó una parte de una solicitud ReadProcessMemory o WriteProcessMemory. (0x12B)
[0805/154452.936:ERROR:process_memory_win.cc(73)] ReadMemory at 0x21460771610 of 132 bytes failed: Solo se completó una parte de una solicitud ReadProcessMemory o WriteProcessMemory. (0x12B)
[0805/154452.936:ERROR:process_memory_win.cc(73)] ReadMemory at 0x21460771740 of 132 bytes failed: Solo se completó una parte de una solicitud ReadProcessMemory o WriteProcessMemory. (0x12B)
[0805/154452.936:ERROR:process_memory_win.cc(73)] ReadMemory at 0x214607719a0 of 132 bytes failed: Solo se completó una parte de una solicitud ReadProcessMemory o WriteProcessMemory. (0x12B)
[0805/154452.936:ERROR:process_memory_win.cc(73)] ReadMemory at 0x21460771ad0 of 132 bytes failed: Solo se completó una parte de una solicitud ReadProcessMemory o WriteProcessMemory. (0x12B)
[0805/154452.936:ERROR:process_memory_win.cc(73)] ReadMemory at 0x21460771c00 of 132 bytes failed: Solo se completó una parte de una solicitud ReadProcessMemory o WriteProcessMemory. (0x12B)
[0805/154452.936:ERROR:process_memory_win.cc(73)] ReadMemory at 0x214607721f0 of 132 bytes failed: Solo se completó una parte de una solicitud ReadProcessMemory o WriteProcessMemory. (0x12B)
[0805/154452.936:ERROR:process_memory_win.cc(73)] ReadMemory at 0x214607726b0 of 132 bytes failed: Solo se completó una parte de una solicitud ReadProcessMemory o WriteProcessMemory. (0x12B)
[0805/154452.936:ERROR:process_memory_win.cc(73)] ReadMemory at 0x21460772a40 of 132 bytes failed: Solo se completó una parte de una solicitud ReadProcessMemory o WriteProcessMemory. (0x12B)
[0805/154452.936:ERROR:process_memory_win.cc(73)] ReadMemory at 0x21460772b70 of 132 bytes failed: Solo se completó una parte de una solicitud ReadProcessMemory o WriteProcessMemory. (0x12B)
[0805/154452.936:ERROR:process_memory_win.cc(73)] ReadMemory at 0x21460772ca0 of 132 bytes failed: Solo se completó una parte de una solicitud ReadProcessMemory o WriteProcessMemory. (0x12B)
[0805/154452.936:ERROR:process_memory_win.cc(73)] ReadMemory at 0x214607d5d20 of 512 bytes failed: Solo se completó una parte de una solicitud ReadProcessMemory o WriteProcessMemory. (0x12B)
[0805/154452.936:ERROR:process_memory_win.cc(73)] ReadMemory at 0x214607e6430 of 512 bytes failed: Solo se completó una parte de una solicitud ReadProcessMemory o WriteProcessMemory. (0x12B)
[0805/154452.936:ERROR:process_memory_win.cc(73)] ReadMemory at 0x214607e9ba0 of 512 bytes failed: Solo se completó una parte de una solicitud ReadProcessMemory o WriteProcessMemory. (0x12B)
[0805/154452.936:ERROR:process_memory_win.cc(73)] ReadMemory at 0x21460803850 of 712 bytes failed: Solo se completó una parte de una solicitud ReadProcessMemory o WriteProcessMemory. (0x12B)
[0805/154452.936:ERROR:process_memory_win.cc(73)] ReadMemory at 0x214608224a0 of 512 bytes failed: Solo se completó una parte de una solicitud ReadProcessMemory o WriteProcessMemory. (0x12B)
[0805/154452.936:ERROR:process_memory_win.cc(73)] ReadMemory at 0x2146083bfa8 of 512 bytes failed: Solo se completó una parte de una solicitud ReadProcessMemory o WriteProcessMemory. (0x12B)
[0805/154452.936:ERROR:process_memory_win.cc(73)] ReadMemory at 0x21460840c00 of 512 bytes failed: Solo se completó una parte de una solicitud ReadProcessMemory o WriteProcessMemory. (0x12B)
[0805/154452.936:ERROR:process_memory_win.cc(73)] ReadMemory at 0x21461ff0000 of 384 bytes failed: Solo se completó una parte de una solicitud ReadProcessMemory o WriteProcessMemory. (0x12B)
[0805/154452.936:ERROR:process_memory_win.cc(73)] ReadMemory at 0x2146200fcb0 of 512 bytes failed: Solo se completó una parte de una solicitud ReadProcessMemory o WriteProcessMemory. (0x12B)
[0805/154452.936:ERROR:process_memory_win.cc(73)] ReadMemory at 0x214620a7c88 of 512 bytes failed: Solo se completó una parte de una solicitud ReadProcessMemory o WriteProcessMemory. (0x12B)
[0805/154452.936:ERROR:process_memory_win.cc(73)] ReadMemory at 0x214620d5e20 of 512 bytes failed: Solo se completó una parte de una solicitud ReadProcessMemory o WriteProcessMemory. (0x12B)
[0805/154452.936:ERROR:process_memory_win.cc(73)] ReadMemory at 0x2146356f668 of 512 bytes failed: Solo se completó una parte de una solicitud ReadProcessMemory o WriteProcessMemory. (0x12B)
[0805/154452.936:ERROR:process_memory_win.cc(73)] ReadMemory at 0x7ff97d69a85b of 512 bytes failed: Solo se completó una parte de una solicitud ReadProcessMemory o WriteProcessMemory. (0x12B)
[0805/154452.936:ERROR:process_memory_win.cc(73)] ReadMemory at 0x7ff97d71639a of 512 bytes failed: Solo se completó una parte de una solicitud ReadProcessMemory o WriteProcessMemory. (0x12B)
[0805/154452.936:ERROR:process_memory_win.cc(73)] ReadMemory at 0x7ff97e51979c of 512 bytes failed: Solo se completó una parte de una solicitud ReadProcessMemory o WriteProcessMemory. (0x12B)
[0805/154452.936:ERROR:process_memory_win.cc(73)] ReadMemory at 0x7ff9d62ea719 of 512 bytes failed: Solo se completó una parte de una solicitud ReadProcessMemory o WriteProcessMemory. (0x12B)
[0805/154452.936:ERROR:process_memory_win.cc(73)] ReadMemory at 0x7ff9d651c720 of 512 bytes failed: Solo se completó una parte de una solicitud ReadProcessMemory o WriteProcessMemory. (0x12B)
[0805/154452.936:ERROR:process_memory_win.cc(73)] ReadMemory at 0x7ff9d86bc074 of 672 bytes failed: Solo se completó una parte de una solicitud ReadProcessMemory o WriteProcessMemory. (0x12B)
[0805/154452.936:ERROR:process_memory_win.cc(73)] ReadMemory at 0x7ff9d86bc674 of 512 bytes failed: Solo se completó una parte de una solicitud ReadProcessMemory o WriteProcessMemory. (0x12B)
[0805/154452.936:ERROR:process_memory_win.cc(73)] ReadMemory at 0x7ff9d86bf924 of 608 bytes failed: Solo se completó una parte de una solicitud ReadProcessMemory o WriteProcessMemory. (0x12B)
[0805/154452.936:ERROR:process_memory_win.cc(73)] ReadMemory at 0x7ff9d874c428 of 18 bytes failed: Solo se completó una parte de una solicitud ReadProcessMemory o WriteProcessMemory. (0x12B)
[0805/154452.936:ERROR:process_memory_win.cc(73)] ReadMemory at 0x7ff9d877f4f8 of 40 bytes failed: Solo se completó una parte de una solicitud ReadProcessMemory o WriteProcessMemory. (0x12B)
[0805/154452.936:ERROR:process_memory_win.cc(73)] ReadMemory at 0x7ff9d877f978 of 48 bytes failed: Solo se completó una parte de una solicitud ReadProcessMemory o WriteProcessMemory. (0x12B)
[0805/154452.936:ERROR:process_memory_win.cc(73)] ReadMemory at 0x7ff9d87853c0 of 64 bytes failed: Solo se completó una parte de una solicitud ReadProcessMemory o WriteProcessMemory. (0x12B)
[0805/154452.936:ERROR:scoped_process_suspend.cc(40)] NtResumeProcess: Se intentó obtener acceso a un proceso que está cerrándose. (0xc000010a)
